<?xml version="1.0" encoding="UTF-8"?>
<beans xmlns="http://www.springframework.org/schema/beans"
		xmlns:xsi="http://www.w3.org/2001/XMLSchema-instance"
		xmlns:tx="http://www.springframework.org/schema/tx"
		xmlns:context="http://www.springframework.org/schema/context"
		xmlns:aop="http://www.springframework.org/schema/aop"
		xmlns:p="http://www.springframework.org/schema/p"
		xmlns:c="http://www.springframework.org/schema/c" xmlns:util="http://www.springframework.org/schema/util"
		xsi:schemaLocation="http://www.springframework.org/schema/beans   http://www.springframework.org/schema/beans/spring-beans-3.1.xsd
		http://www.springframework.org/schema/context http://www.springframework.org/schema/context/spring-context-3.1.xsd
		http://www.springframework.org/schema/tx      http://www.springframework.org/schema/tx/spring-tx-3.1.xsd
		http://www.springframework.org/schema/aop     http://www.springframework.org/schema/aop/spring-aop-3.1.xsd http://www.springframework.org/schema/util http://www.springframework.org/schema/util/spring-util-2.0.xsd">

	<context:annotation-config />

	<import resource="classpath:/wsAuthentication-core-dao-config.xml" />
	<!--<import resource="classpath:/wsAuthentication-hibernate-config.xml" />-->

	<bean id="wsAuthenticationSessionFactory" class="org.springframework.orm.hibernate3.LocalSessionFactoryBean"
			p:dataSource-ref="wsAuthenticationDataSource"
			p:mappingLocations="classpath:edu/byu/ws/authentication/domain/*.hbm.xml">
		<qualifier value="wsAuthentication"/>
		<property name="hibernateProperties">
			<props>
				<prop key="hibernate.dialect">org.hibernate.dialect.Oracle10gDialect</prop>
				<prop key="hibernate.cache.region.factory_class">net.sf.ehcache.hibernate.EhCacheRegionFactory</prop>
				<prop key="hibernate.cache.use_query_cache">true</prop>
				<prop key="hibernate.cache.use_second_level_cache">true</prop>
				<prop key="hibernate.cache.region_prefix">wsAuthentication</prop>
				<prop key="net.sf.ehcache.configurationResourceName">wsAuthentication-ehcache.xml</prop>

				<prop key="hibernate.show_sql">false</prop>
				<prop key="hibernate.max_fetch_depth">1</prop>
				<prop key="hibernate.default_batch_fetch_size">16</prop>
				<prop key="hibernate.order_updates">true</prop>
				<prop key="connection.release_mode">after_statement</prop>
			</props>
		</property>
	</bean>

	<bean id="wsAuthenticationTransactionManager" class="org.springframework.orm.hibernate3.HibernateTransactionManager"
			p:dataSource-ref="wsAuthenticationDataSource" p:sessionFactory-ref="wsAuthenticationSessionFactory"/>

	<bean id="wsAuthenticationDataSource" class="org.apache.commons.dbcp.BasicDataSource"
			p:url="jdbcs[byu@PROD]" p:driverClassName="edu.byu.jdbc.SecureDriver"
			p:initialSize="2" p:maxActive="5" p:maxIdle="5" p:minIdle="1"
			p:testWhileIdle="true" p:testOnBorrow="true" p:testOnReturn="true"
			p:validationQuery="select 1 from dual" />
</beans>
