<?xml version="1.0" encoding="UTF-8"?>
<beans xmlns="http://www.springframework.org/schema/beans"
	   xmlns:xsi="http://www.w3.org/2001/XMLSchema-instance"
	   xmlns:context="http://www.springframework.org/schema/context"
	   xmlns:p="http://www.springframework.org/schema/p"
	   xmlns:c="http://www.springframework.org/schema/c"
	   xsi:schemaLocation="
		http://www.springframework.org/schema/beans   http://www.springframework.org/schema/beans/spring-beans-3.1.xsd
		http://www.springframework.org/schema/context http://www.springframework.org/schema/context/spring-context-3.1.xsd">

	<context:annotation-config />
	<context:property-placeholder location="file:${user.home}/cred/softdist.cred"/>

	<bean id="accountCodeValidationClient" class="edu.byu.chartblock.impl.AccountCodeValidationImpl"
		  c:filters-ref="tokenFilter"/>

	<bean id="tokenFilter" class="edu.byu.wso2.filter.jersey.JerseyOutboundOauthTokenFilter"
		  c:tokenHeaderProvider-ref="tokenHeaderProvider"/>

	<bean id="tokenHeaderProvider" class="edu.byu.wso2.core.provider.ClientCredentialsTokenHeaderProvider"
		  c:clientCredentialsTokenProvider-ref="tokenProvider" />

	<bean id="tokenProvider" class="edu.byu.wso2.core.provider.ClientCredentialOauthTokenProvider"
		  c:wso2Credentials-ref="wso2Credentials"/>

	<bean id="wso2Credentials" class="edu.byu.wso2.core.Wso2Credentials"
		  c:clientId="${stage.client_id}"
		  c:clientSecret="${stage.client_secret}"/>
</beans>
