<?xml version="1.0" encoding="UTF-8"?>
<beans xmlns="http://www.springframework.org/schema/beans"
	   xmlns:xsi="http://www.w3.org/2001/XMLSchema-instance"
	   xmlns:tx="http://www.springframework.org/schema/tx"
	   xmlns:context="http://www.springframework.org/schema/context"
	   xmlns:aop="http://www.springframework.org/schema/aop"
	   xmlns:p="http://www.springframework.org/schema/p"
	   xmlns:c="http://www.springframework.org/schema/c" xmlns:util="http://www.springframework.org/schema/util"
	   xmlns:jee="http://www.springframework.org/schema/jee"
	   xsi:schemaLocation="http://www.springframework.org/schema/beans   http://www.springframework.org/schema/beans/spring-beans-3.1.xsd
		http://www.springframework.org/schema/context http://www.springframework.org/schema/context/spring-context-3.1.xsd
		http://www.springframework.org/schema/tx      http://www.springframework.org/schema/tx/spring-tx-3.1.xsd
		http://www.springframework.org/schema/aop     http://www.springframework.org/schema/aop/spring-aop-3.1.xsd http://www.springframework.org/schema/util http://www.springframework.org/schema/util/spring-util-2.0.xsd http://www.springframework.org/schema/jee http://www.springframework.org/schema/jee/spring-jee-3.0.xsd">

	<context:annotation-config />

	<bean id="basicDataSource" class="org.apache.commons.dbcp.BasicDataSource"
		  p:url="jdbcs[ces@DEV]" p:driverClassName="edu.byu.jdbc.SecureDriver"
		  p:initialSize="2" p:maxActive="5" p:maxIdle="5" p:minIdle="1"
		  p:testWhileIdle="true" p:testOnBorrow="true" p:testOnReturn="true"
		  p:validationQuery="select 1 from dual" />

	<bean id="basicTemplate" class="org.springframework.jdbc.core.JdbcTemplate">
		<constructor-arg index="0" ref="basicDataSource"/>
		<constructor-arg index="1" value="false"/>
	</bean>

</beans>
